{"timestamp":"2026-07-12T10:00:52.780163Z","level":"info","event":"DAG bundles loaded: dags-folder","logger":"airflow.dag_processing.bundles.manager.DagBundlesManager","filename":"manager.py","lineno":209}
{"timestamp":"2026-07-12T10:00:52.780465Z","level":"info","event":"Filling up the DagBag from /opt/airflow/dags/orchestrate.py","logger":"airflow.dag_processing.dagbag.BundleDagBag","filename":"dagbag.py","lineno":469}
{"timestamp":"2026-07-12T10:00:52.785616Z","level":"warning","event":"The `airflow.operators.bash.BashOperator` attribute is deprecated. Please use `'airflow.providers.standard.operators.bash.BashOperator'`.","category":"UserWarning","filename":"/opt/airflow/dags/orchestrate.py","lineno":2,"logger":"py.warnings"}
{"timestamp":"2026-07-12T10:00:52.794192Z","level":"info","event":"Tmp dir root location: /tmp","logger":"airflow.task.hooks.airflow.providers.standard.hooks.subprocess.SubprocessHook","filename":"subprocess.py","lineno":78}
{"timestamp":"2026-07-12T10:00:52.794302Z","level":"info","event":"Running command: ['/usr/bin/bash', '-c', 'dbt snapshot']","logger":"airflow.task.hooks.airflow.providers.standard.hooks.subprocess.SubprocessHook","filename":"subprocess.py","lineno":80}
{"timestamp":"2026-07-12T10:00:52.794630Z","level":"info","event":"Output:","logger":"airflow.task.hooks.airflow.providers.standard.hooks.subprocess.SubprocessHook","filename":"subprocess.py","lineno":92}
{"timestamp":"2026-07-12T10:00:53.307046Z","level":"info","event":"\u001b[0m10:00:53  Running with dbt=1.11.12","logger":"airflow.task.hooks.airflow.providers.standard.hooks.subprocess.SubprocessHook","filename":"subprocess.py","lineno":99}
{"timestamp":"2026-07-12T10:00:53.897719Z","level":"info","event":"\u001b[0m10:00:53  Registered adapter: databricks=1.12.2","logger":"airflow.task.hooks.airflow.providers.standard.hooks.subprocess.SubprocessHook","filename":"subprocess.py","lineno":99}
{"timestamp":"2026-07-12T10:00:54.083539Z","level":"info","event":"\u001b[0m10:00:54  Found 13 models, 1 analysis, 5 data tests, 5 snapshots, 6 sources, 769 macros","logger":"airflow.task.hooks.airflow.providers.standard.hooks.subprocess.SubprocessHook","filename":"subprocess.py","lineno":99}
{"timestamp":"2026-07-12T10:00:54.084731Z","level":"info","event":"\u001b[0m10:00:54","logger":"airflow.task.hooks.airflow.providers.standard.hooks.subprocess.SubprocessHook","filename":"subprocess.py","lineno":99}
{"timestamp":"2026-07-12T10:00:54.084861Z","level":"info","event":"\u001b[0m10:00:54  Concurrency: 1 threads (target='dev')","logger":"airflow.task.hooks.airflow.providers.standard.hooks.subprocess.SubprocessHook","filename":"subprocess.py","lineno":99}
{"timestamp":"2026-07-12T10:00:54.085042Z","level":"info","event":"\u001b[0m10:00:54","logger":"airflow.task.hooks.airflow.providers.standard.hooks.subprocess.SubprocessHook","filename":"subprocess.py","lineno":99}
{"timestamp":"2026-07-12T10:01:13.829587Z","level":"info","event":"\u001b[0m10:01:13  1 of 5 START snapshot gold.dim_customers ....................................... [RUN]","logger":"airflow.task.hooks.airflow.providers.standard.hooks.subprocess.SubprocessHook","filename":"subprocess.py","lineno":99}
{"timestamp":"2026-07-12T10:01:30.707346Z","level":"info","event":"\u001b[0m10:01:30  1 of 5 OK snapshotted gold.dim_customers ....................................... [\u001b[32mOK\u001b[0m in 16.87s]","logger":"airflow.task.hooks.airflow.providers.standard.hooks.subprocess.SubprocessHook","filename":"subprocess.py","lineno":99}
{"timestamp":"2026-07-12T10:01:30.709764Z","level":"info","event":"\u001b[0m10:01:30  2 of 5 START snapshot gold.dim_employees ....................................... [RUN]","logger":"airflow.task.hooks.airflow.providers.standard.hooks.subprocess.SubprocessHook","filename":"subprocess.py","lineno":99}
{"timestamp":"2026-07-12T10:03:29.623065Z","level":"info","event":"\u001b[0m10:03:29  2 of 5 OK snapshotted gold.dim_employees ....................................... [\u001b[32mOK\u001b[0m in 118.91s]","logger":"airflow.task.hooks.airflow.providers.standard.hooks.subprocess.SubprocessHook","filename":"subprocess.py","lineno":99}
{"timestamp":"2026-07-12T10:03:29.625459Z","level":"info","event":"\u001b[0m10:03:29  3 of 5 START snapshot gold.dim_orders .......................................... [RUN]","logger":"airflow.task.hooks.airflow.providers.standard.hooks.subprocess.SubprocessHook","filename":"subprocess.py","lineno":99}
{"timestamp":"2026-07-12T10:03:45.312584Z","level":"info","event":"\u001b[0m10:03:45  3 of 5 OK snapshotted gold.dim_orders .......................................... [\u001b[32mOK\u001b[0m in 15.68s]","logger":"airflow.task.hooks.airflow.providers.standard.hooks.subprocess.SubprocessHook","filename":"subprocess.py","lineno":99}
{"timestamp":"2026-07-12T10:03:45.315393Z","level":"info","event":"\u001b[0m10:03:45  4 of 5 START snapshot gold.dim_products ........................................ [RUN]","logger":"airflow.task.hooks.airflow.providers.standard.hooks.subprocess.SubprocessHook","filename":"subprocess.py","lineno":99}
{"timestamp":"2026-07-12T10:04:01.157804Z","level":"info","event":"\u001b[0m10:04:01  4 of 5 OK snapshotted gold.dim_products ........................................ [\u001b[32mOK\u001b[0m in 15.84s]","logger":"airflow.task.hooks.airflow.providers.standard.hooks.subprocess.SubprocessHook","filename":"subprocess.py","lineno":99}
{"timestamp":"2026-07-12T10:04:01.160007Z","level":"info","event":"\u001b[0m10:04:01  5 of 5 START snapshot gold.dim_stores .......................................... [RUN]","logger":"airflow.task.hooks.airflow.providers.standard.hooks.subprocess.SubprocessHook","filename":"subprocess.py","lineno":99}
{"timestamp":"2026-07-12T10:04:16.191660Z","level":"info","event":"\u001b[0m10:04:16  5 of 5 OK snapshotted gold.dim_stores .......................................... [\u001b[32mOK\u001b[0m in 15.03s]","logger":"airflow.task.hooks.airflow.providers.standard.hooks.subprocess.SubprocessHook","filename":"subprocess.py","lineno":99}
{"timestamp":"2026-07-12T10:04:16.196607Z","level":"info","event":"\u001b[0m10:04:16","logger":"airflow.task.hooks.airflow.providers.standard.hooks.subprocess.SubprocessHook","filename":"subprocess.py","lineno":99}
{"timestamp":"2026-07-12T10:04:16.196903Z","level":"info","event":"\u001b[0m10:04:16  Finished running 5 snapshots in 0 hours 3 minutes and 22.11 seconds (202.11s).","logger":"airflow.task.hooks.airflow.providers.standard.hooks.subprocess.SubprocessHook","filename":"subprocess.py","lineno":99}
{"timestamp":"2026-07-12T10:04:16.247535Z","level":"info","event":"\u001b[0m10:04:16","logger":"airflow.task.hooks.airflow.providers.standard.hooks.subprocess.SubprocessHook","filename":"subprocess.py","lineno":99}
{"timestamp":"2026-07-12T10:04:16.247789Z","level":"info","event":"\u001b[0m10:04:16  \u001b[32mCompleted successfully\u001b[0m","logger":"airflow.task.hooks.airflow.providers.standard.hooks.subprocess.SubprocessHook","filename":"subprocess.py","lineno":99}
{"timestamp":"2026-07-12T10:04:16.248159Z","level":"info","event":"\u001b[0m10:04:16","logger":"airflow.task.hooks.airflow.providers.standard.hooks.subprocess.SubprocessHook","filename":"subprocess.py","lineno":99}
{"timestamp":"2026-07-12T10:04:16.248416Z","level":"info","event":"\u001b[0m10:04:16  Done. PASS=5 WARN=0 ERROR=0 SKIP=0 NO-OP=0 TOTAL=5","logger":"airflow.task.hooks.airflow.providers.standard.hooks.subprocess.SubprocessHook","filename":"subprocess.py","lineno":99}
{"timestamp":"2026-07-12T10:04:19.588134Z","level":"info","event":"Command exited with return code 0","logger":"airflow.task.hooks.airflow.providers.standard.hooks.subprocess.SubprocessHook","filename":"subprocess.py","lineno":103}
{"timestamp":"2026-07-12T10:04:19.588587Z","level":"info","event":"Pushing xcom","ti":"RuntimeTaskInstance(id=UUID('019f55c2-1b81-7af7-947d-a92cd366ecf1'), task_id='gold_dimensions', dag_id='orchestrate', run_id='manual__2026-07-12T09:56:52.199623+00:00', try_number=1, dag_version_id=UUID('019f55c1-df25-70f5-b25f-7e65c469e842'), map_index=-1, hostname='ca10fb210a7b', context_carrier={'traceparent': '00-fb28b6813c223a3bfbd30919a572b1d6-78d95b6cbd41fdfd-01'}, task=<Task(BashOperator): gold_dimensions>, bundle_instance=LocalDagBundle(name=dags-folder), max_tries=0, start_date=datetime.datetime(2026, 7, 12, 10, 0, 52, 768760, tzinfo=datetime.timezone.utc), end_date=None, state=<TaskInstanceState.RUNNING: 'running'>, is_mapped=False, rendered_map_index=None, sentry_integration='')","logger":"task","filename":"task_runner.py","lineno":1724}
