{"timestamp":"2026-07-12T11:30:31.876175Z","level":"info","event":"DAG bundles loaded: dags-folder","logger":"airflow.dag_processing.bundles.manager.DagBundlesManager","filename":"manager.py","lineno":209}
{"timestamp":"2026-07-12T11:30:31.876505Z","level":"info","event":"Filling up the DagBag from /opt/airflow/dags/orchestrate.py","logger":"airflow.dag_processing.dagbag.BundleDagBag","filename":"dagbag.py","lineno":469}
{"timestamp":"2026-07-12T11:30:32.185661Z","level":"warning","event":"The `airflow.operators.bash.BashOperator` attribute is deprecated. Please use `'airflow.providers.standard.operators.bash.BashOperator'`.","category":"UserWarning","filename":"/opt/airflow/dags/orchestrate.py","lineno":2,"logger":"py.warnings"}
{"timestamp":"2026-07-12T11:30:32.193270Z","level":"info","event":"Tmp dir root location: /tmp","logger":"airflow.task.hooks.airflow.providers.standard.hooks.subprocess.SubprocessHook","filename":"subprocess.py","lineno":78}
{"timestamp":"2026-07-12T11:30:32.193337Z","level":"info","event":"Running command: ['/usr/bin/bash', '-c', 'dbt run --select silver_t']","logger":"airflow.task.hooks.airflow.providers.standard.hooks.subprocess.SubprocessHook","filename":"subprocess.py","lineno":80}
{"timestamp":"2026-07-12T11:30:32.193669Z","level":"info","event":"Output:","logger":"airflow.task.hooks.airflow.providers.standard.hooks.subprocess.SubprocessHook","filename":"subprocess.py","lineno":92}
{"timestamp":"2026-07-12T11:30:32.731021Z","level":"info","event":"\u001b[0m11:30:32  Running with dbt=1.11.12","logger":"airflow.task.hooks.airflow.providers.standard.hooks.subprocess.SubprocessHook","filename":"subprocess.py","lineno":99}
{"timestamp":"2026-07-12T11:30:33.409402Z","level":"info","event":"\u001b[0m11:30:33  Registered adapter: databricks=1.12.2","logger":"airflow.task.hooks.airflow.providers.standard.hooks.subprocess.SubprocessHook","filename":"subprocess.py","lineno":99}
{"timestamp":"2026-07-12T11:30:33.622421Z","level":"info","event":"\u001b[0m11:30:33  Found 13 models, 1 analysis, 5 data tests, 5 snapshots, 6 sources, 769 macros","logger":"airflow.task.hooks.airflow.providers.standard.hooks.subprocess.SubprocessHook","filename":"subprocess.py","lineno":99}
{"timestamp":"2026-07-12T11:30:33.623564Z","level":"info","event":"\u001b[0m11:30:33","logger":"airflow.task.hooks.airflow.providers.standard.hooks.subprocess.SubprocessHook","filename":"subprocess.py","lineno":99}
{"timestamp":"2026-07-12T11:30:33.623779Z","level":"info","event":"\u001b[0m11:30:33  Concurrency: 1 threads (target='dev')","logger":"airflow.task.hooks.airflow.providers.standard.hooks.subprocess.SubprocessHook","filename":"subprocess.py","lineno":99}
{"timestamp":"2026-07-12T11:30:33.623973Z","level":"info","event":"\u001b[0m11:30:33","logger":"airflow.task.hooks.airflow.providers.standard.hooks.subprocess.SubprocessHook","filename":"subprocess.py","lineno":99}
{"timestamp":"2026-07-12T11:31:05.589147Z","level":"info","event":"\u001b[0m11:31:05  1 of 6 START sql incremental model silver_t.customers_t ........................ [RUN]","logger":"airflow.task.hooks.airflow.providers.standard.hooks.subprocess.SubprocessHook","filename":"subprocess.py","lineno":99}
{"timestamp":"2026-07-12T11:31:33.461630Z","level":"info","event":"\u001b[0m11:31:33  1 of 6 OK created sql incremental model silver_t.customers_t ................... [\u001b[32mOK\u001b[0m in 27.87s]","logger":"airflow.task.hooks.airflow.providers.standard.hooks.subprocess.SubprocessHook","filename":"subprocess.py","lineno":99}
{"timestamp":"2026-07-12T11:31:33.464584Z","level":"info","event":"\u001b[0m11:31:33  2 of 6 START sql incremental model silver_t.employees_t ........................ [RUN]","logger":"airflow.task.hooks.airflow.providers.standard.hooks.subprocess.SubprocessHook","filename":"subprocess.py","lineno":99}
{"timestamp":"2026-07-12T11:31:52.218695Z","level":"info","event":"\u001b[0m11:31:52  2 of 6 OK created sql incremental model silver_t.employees_t ................... [\u001b[32mOK\u001b[0m in 18.75s]","logger":"airflow.task.hooks.airflow.providers.standard.hooks.subprocess.SubprocessHook","filename":"subprocess.py","lineno":99}
{"timestamp":"2026-07-12T11:31:52.222399Z","level":"info","event":"\u001b[0m11:31:52  3 of 6 START sql incremental model silver_t.order_items_t ...................... [RUN]","logger":"airflow.task.hooks.airflow.providers.standard.hooks.subprocess.SubprocessHook","filename":"subprocess.py","lineno":99}
{"timestamp":"2026-07-12T11:32:10.527300Z","level":"info","event":"\u001b[0m11:32:10  3 of 6 OK created sql incremental model silver_t.order_items_t ................. [\u001b[32mOK\u001b[0m in 18.30s]","logger":"airflow.task.hooks.airflow.providers.standard.hooks.subprocess.SubprocessHook","filename":"subprocess.py","lineno":99}
{"timestamp":"2026-07-12T11:32:10.530548Z","level":"info","event":"\u001b[0m11:32:10  4 of 6 START sql incremental model silver_t.orders_t ........................... [RUN]","logger":"airflow.task.hooks.airflow.providers.standard.hooks.subprocess.SubprocessHook","filename":"subprocess.py","lineno":99}
{"timestamp":"2026-07-12T11:32:28.637735Z","level":"info","event":"\u001b[0m11:32:28  4 of 6 OK created sql incremental model silver_t.orders_t ...................... [\u001b[32mOK\u001b[0m in 18.10s]","logger":"airflow.task.hooks.airflow.providers.standard.hooks.subprocess.SubprocessHook","filename":"subprocess.py","lineno":99}
{"timestamp":"2026-07-12T11:32:28.639845Z","level":"info","event":"\u001b[0m11:32:28  5 of 6 START sql incremental model silver_t.products_t ......................... [RUN]","logger":"airflow.task.hooks.airflow.providers.standard.hooks.subprocess.SubprocessHook","filename":"subprocess.py","lineno":99}
{"timestamp":"2026-07-12T11:32:45.117536Z","level":"info","event":"\u001b[0m11:32:45  5 of 6 OK created sql incremental model silver_t.products_t .................... [\u001b[32mOK\u001b[0m in 16.47s]","logger":"airflow.task.hooks.airflow.providers.standard.hooks.subprocess.SubprocessHook","filename":"subprocess.py","lineno":99}
{"timestamp":"2026-07-12T11:32:45.121397Z","level":"info","event":"\u001b[0m11:32:45  6 of 6 START sql incremental model silver_t.stores_t ........................... [RUN]","logger":"airflow.task.hooks.airflow.providers.standard.hooks.subprocess.SubprocessHook","filename":"subprocess.py","lineno":99}
{"timestamp":"2026-07-12T11:33:01.671940Z","level":"info","event":"\u001b[0m11:33:01  6 of 6 OK created sql incremental model silver_t.stores_t ...................... [\u001b[32mOK\u001b[0m in 16.55s]","logger":"airflow.task.hooks.airflow.providers.standard.hooks.subprocess.SubprocessHook","filename":"subprocess.py","lineno":99}
{"timestamp":"2026-07-12T11:33:01.675877Z","level":"info","event":"\u001b[0m11:33:01","logger":"airflow.task.hooks.airflow.providers.standard.hooks.subprocess.SubprocessHook","filename":"subprocess.py","lineno":99}
{"timestamp":"2026-07-12T11:33:01.676383Z","level":"info","event":"\u001b[0m11:33:01  Finished running 6 incremental models in 0 hours 2 minutes and 28.05 seconds (148.05s).","logger":"airflow.task.hooks.airflow.providers.standard.hooks.subprocess.SubprocessHook","filename":"subprocess.py","lineno":99}
{"timestamp":"2026-07-12T11:33:01.725025Z","level":"info","event":"\u001b[0m11:33:01","logger":"airflow.task.hooks.airflow.providers.standard.hooks.subprocess.SubprocessHook","filename":"subprocess.py","lineno":99}
{"timestamp":"2026-07-12T11:33:01.725379Z","level":"info","event":"\u001b[0m11:33:01  \u001b[32mCompleted successfully\u001b[0m","logger":"airflow.task.hooks.airflow.providers.standard.hooks.subprocess.SubprocessHook","filename":"subprocess.py","lineno":99}
{"timestamp":"2026-07-12T11:33:01.725587Z","level":"info","event":"\u001b[0m11:33:01","logger":"airflow.task.hooks.airflow.providers.standard.hooks.subprocess.SubprocessHook","filename":"subprocess.py","lineno":99}
{"timestamp":"2026-07-12T11:33:01.725856Z","level":"info","event":"\u001b[0m11:33:01  Done. PASS=6 WARN=0 ERROR=0 SKIP=0 NO-OP=0 TOTAL=6","logger":"airflow.task.hooks.airflow.providers.standard.hooks.subprocess.SubprocessHook","filename":"subprocess.py","lineno":99}
{"timestamp":"2026-07-12T11:33:05.500211Z","level":"info","event":"Command exited with return code 0","logger":"airflow.task.hooks.airflow.providers.standard.hooks.subprocess.SubprocessHook","filename":"subprocess.py","lineno":103}
{"timestamp":"2026-07-12T11:33:05.500382Z","level":"info","event":"Pushing xcom","ti":"RuntimeTaskInstance(id=UUID('019f5615-e648-79e7-8aa3-d741026d42cc'), task_id='silver_technical', dag_id='orchestrate', run_id='manual__2026-07-12T11:28:23.605699+00:00', try_number=1, dag_version_id=UUID('019f55c1-df25-70f5-b25f-7e65c469e842'), map_index=-1, hostname='ca10fb210a7b', context_carrier={'traceparent': '00-e446c70e8aae28e043600589c5b22e73-f84aa8c2042f47b4-01'}, task=<Task(BashOperator): silver_technical>, bundle_instance=LocalDagBundle(name=dags-folder), max_tries=0, start_date=datetime.datetime(2026, 7, 12, 11, 30, 31, 864735, tzinfo=datetime.timezone.utc), end_date=None, state=<TaskInstanceState.RUNNING: 'running'>, is_mapped=False, rendered_map_index=None, sentry_integration='')","logger":"task","filename":"task_runner.py","lineno":1724}
