{"timestamp":"2026-07-12T09:49:34.089243Z","level":"info","event":"DAG bundles loaded: dags-folder","logger":"airflow.dag_processing.bundles.manager.DagBundlesManager","filename":"manager.py","lineno":209}
{"timestamp":"2026-07-12T09:49:34.089572Z","level":"info","event":"Filling up the DagBag from /opt/airflow/dags/orchestrate.py","logger":"airflow.dag_processing.dagbag.BundleDagBag","filename":"dagbag.py","lineno":469}
{"timestamp":"2026-07-12T09:49:34.095049Z","level":"warning","event":"The `airflow.operators.bash.BashOperator` attribute is deprecated. Please use `'airflow.providers.standard.operators.bash.BashOperator'`.","category":"UserWarning","filename":"/opt/airflow/dags/orchestrate.py","lineno":2,"logger":"py.warnings"}
{"timestamp":"2026-07-12T09:49:34.103762Z","level":"info","event":"Tmp dir root location: /tmp","logger":"airflow.task.hooks.airflow.providers.standard.hooks.subprocess.SubprocessHook","filename":"subprocess.py","lineno":78}
{"timestamp":"2026-07-12T09:49:34.103858Z","level":"info","event":"Running command: ['/usr/bin/bash', '-c', 'dbt run --select silver_t']","logger":"airflow.task.hooks.airflow.providers.standard.hooks.subprocess.SubprocessHook","filename":"subprocess.py","lineno":80}
{"timestamp":"2026-07-12T09:49:34.104172Z","level":"info","event":"Output:","logger":"airflow.task.hooks.airflow.providers.standard.hooks.subprocess.SubprocessHook","filename":"subprocess.py","lineno":92}
{"timestamp":"2026-07-12T09:49:34.623048Z","level":"info","event":"\u001b[0m09:49:34  Running with dbt=1.11.12","logger":"airflow.task.hooks.airflow.providers.standard.hooks.subprocess.SubprocessHook","filename":"subprocess.py","lineno":99}
{"timestamp":"2026-07-12T09:49:35.215181Z","level":"info","event":"\u001b[0m09:49:35  Registered adapter: databricks=1.12.2","logger":"airflow.task.hooks.airflow.providers.standard.hooks.subprocess.SubprocessHook","filename":"subprocess.py","lineno":99}
{"timestamp":"2026-07-12T09:49:35.409122Z","level":"info","event":"\u001b[0m09:49:35  Found 13 models, 1 analysis, 5 data tests, 5 snapshots, 6 sources, 769 macros","logger":"airflow.task.hooks.airflow.providers.standard.hooks.subprocess.SubprocessHook","filename":"subprocess.py","lineno":99}
{"timestamp":"2026-07-12T09:49:35.410190Z","level":"info","event":"\u001b[0m09:49:35","logger":"airflow.task.hooks.airflow.providers.standard.hooks.subprocess.SubprocessHook","filename":"subprocess.py","lineno":99}
{"timestamp":"2026-07-12T09:49:35.410408Z","level":"info","event":"\u001b[0m09:49:35  Concurrency: 1 threads (target='dev')","logger":"airflow.task.hooks.airflow.providers.standard.hooks.subprocess.SubprocessHook","filename":"subprocess.py","lineno":99}
{"timestamp":"2026-07-12T09:49:35.410599Z","level":"info","event":"\u001b[0m09:49:35","logger":"airflow.task.hooks.airflow.providers.standard.hooks.subprocess.SubprocessHook","filename":"subprocess.py","lineno":99}
{"timestamp":"2026-07-12T09:50:22.201744Z","level":"info","event":"\u001b[0m09:50:22  1 of 6 START sql incremental model silver_t.customers_t ........................ [RUN]","logger":"airflow.task.hooks.airflow.providers.standard.hooks.subprocess.SubprocessHook","filename":"subprocess.py","lineno":99}
{"timestamp":"2026-07-12T09:50:58.394662Z","level":"info","event":"\u001b[0m09:50:58  1 of 6 OK created sql incremental model silver_t.customers_t ................... [\u001b[32mOK\u001b[0m in 36.19s]","logger":"airflow.task.hooks.airflow.providers.standard.hooks.subprocess.SubprocessHook","filename":"subprocess.py","lineno":99}
{"timestamp":"2026-07-12T09:50:58.399208Z","level":"info","event":"\u001b[0m09:50:58  2 of 6 START sql incremental model silver_t.employees_t ........................ [RUN]","logger":"airflow.task.hooks.airflow.providers.standard.hooks.subprocess.SubprocessHook","filename":"subprocess.py","lineno":99}
{"timestamp":"2026-07-12T09:51:21.526520Z","level":"info","event":"\u001b[0m09:51:21  2 of 6 OK created sql incremental model silver_t.employees_t ................... [\u001b[32mOK\u001b[0m in 23.13s]","logger":"airflow.task.hooks.airflow.providers.standard.hooks.subprocess.SubprocessHook","filename":"subprocess.py","lineno":99}
{"timestamp":"2026-07-12T09:51:21.527799Z","level":"info","event":"\u001b[0m09:51:21  3 of 6 START sql incremental model silver_t.order_items_t ...................... [RUN]","logger":"airflow.task.hooks.airflow.providers.standard.hooks.subprocess.SubprocessHook","filename":"subprocess.py","lineno":99}
{"timestamp":"2026-07-12T09:51:41.836559Z","level":"info","event":"\u001b[0m09:51:41  3 of 6 OK created sql incremental model silver_t.order_items_t ................. [\u001b[32mOK\u001b[0m in 20.31s]","logger":"airflow.task.hooks.airflow.providers.standard.hooks.subprocess.SubprocessHook","filename":"subprocess.py","lineno":99}
{"timestamp":"2026-07-12T09:51:41.838216Z","level":"info","event":"\u001b[0m09:51:41  4 of 6 START sql incremental model silver_t.orders_t ........................... [RUN]","logger":"airflow.task.hooks.airflow.providers.standard.hooks.subprocess.SubprocessHook","filename":"subprocess.py","lineno":99}
{"timestamp":"2026-07-12T09:52:02.729204Z","level":"info","event":"\u001b[0m09:52:02  4 of 6 OK created sql incremental model silver_t.orders_t ...................... [\u001b[32mOK\u001b[0m in 20.89s]","logger":"airflow.task.hooks.airflow.providers.standard.hooks.subprocess.SubprocessHook","filename":"subprocess.py","lineno":99}
{"timestamp":"2026-07-12T09:52:02.731238Z","level":"info","event":"\u001b[0m09:52:02  5 of 6 START sql incremental model silver_t.products_t ......................... [RUN]","logger":"airflow.task.hooks.airflow.providers.standard.hooks.subprocess.SubprocessHook","filename":"subprocess.py","lineno":99}
{"timestamp":"2026-07-12T09:52:22.236898Z","level":"info","event":"\u001b[0m09:52:22  5 of 6 OK created sql incremental model silver_t.products_t .................... [\u001b[32mOK\u001b[0m in 19.50s]","logger":"airflow.task.hooks.airflow.providers.standard.hooks.subprocess.SubprocessHook","filename":"subprocess.py","lineno":99}
{"timestamp":"2026-07-12T09:52:22.238902Z","level":"info","event":"\u001b[0m09:52:22  6 of 6 START sql incremental model silver_t.stores_t ........................... [RUN]","logger":"airflow.task.hooks.airflow.providers.standard.hooks.subprocess.SubprocessHook","filename":"subprocess.py","lineno":99}
{"timestamp":"2026-07-12T09:52:40.946349Z","level":"info","event":"\u001b[0m09:52:40  6 of 6 OK created sql incremental model silver_t.stores_t ...................... [\u001b[32mOK\u001b[0m in 18.70s]","logger":"airflow.task.hooks.airflow.providers.standard.hooks.subprocess.SubprocessHook","filename":"subprocess.py","lineno":99}
{"timestamp":"2026-07-12T09:52:40.948927Z","level":"info","event":"\u001b[0m09:52:40","logger":"airflow.task.hooks.airflow.providers.standard.hooks.subprocess.SubprocessHook","filename":"subprocess.py","lineno":99}
{"timestamp":"2026-07-12T09:52:40.949134Z","level":"info","event":"\u001b[0m09:52:40  Finished running 6 incremental models in 0 hours 3 minutes and 5.54 seconds (185.54s).","logger":"airflow.task.hooks.airflow.providers.standard.hooks.subprocess.SubprocessHook","filename":"subprocess.py","lineno":99}
{"timestamp":"2026-07-12T09:52:40.981638Z","level":"info","event":"\u001b[0m09:52:40","logger":"airflow.task.hooks.airflow.providers.standard.hooks.subprocess.SubprocessHook","filename":"subprocess.py","lineno":99}
{"timestamp":"2026-07-12T09:52:40.981939Z","level":"info","event":"\u001b[0m09:52:40  \u001b[32mCompleted successfully\u001b[0m","logger":"airflow.task.hooks.airflow.providers.standard.hooks.subprocess.SubprocessHook","filename":"subprocess.py","lineno":99}
{"timestamp":"2026-07-12T09:52:40.982169Z","level":"info","event":"\u001b[0m09:52:40","logger":"airflow.task.hooks.airflow.providers.standard.hooks.subprocess.SubprocessHook","filename":"subprocess.py","lineno":99}
{"timestamp":"2026-07-12T09:52:40.982384Z","level":"info","event":"\u001b[0m09:52:40  Done. PASS=6 WARN=0 ERROR=0 SKIP=0 NO-OP=0 TOTAL=6","logger":"airflow.task.hooks.airflow.providers.standard.hooks.subprocess.SubprocessHook","filename":"subprocess.py","lineno":99}
{"timestamp":"2026-07-12T09:52:43.769496Z","level":"info","event":"Command exited with return code 0","logger":"airflow.task.hooks.airflow.providers.standard.hooks.subprocess.SubprocessHook","filename":"subprocess.py","lineno":103}
{"timestamp":"2026-07-12T09:52:43.769752Z","level":"info","event":"Pushing xcom","ti":"RuntimeTaskInstance(id=UUID('019f55bb-4ea5-7819-b4e6-25e018917355'), task_id='silver_technical', dag_id='orchestrate', run_id='manual__2026-07-12T09:49:26.546957+00:00', try_number=1, dag_version_id=UUID('019f55ba-8e70-79ad-af54-1a8c735cd5b5'), map_index=-1, hostname='ca10fb210a7b', context_carrier={'traceparent': '00-39a357f32ed88fecdb6332d11da74dbb-85bf3d88fd80a652-01'}, task=<Task(BashOperator): silver_technical>, bundle_instance=LocalDagBundle(name=dags-folder), max_tries=0, start_date=datetime.datetime(2026, 7, 12, 9, 49, 34, 76568, tzinfo=datetime.timezone.utc), end_date=None, state=<TaskInstanceState.RUNNING: 'running'>, is_mapped=False, rendered_map_index=None, sentry_integration='')","logger":"task","filename":"task_runner.py","lineno":1724}
