{"timestamp":"2026-07-12T15:13:51.191330Z","level":"info","event":"DAG bundles loaded: dags-folder","logger":"airflow.dag_processing.bundles.manager.DagBundlesManager","filename":"manager.py","lineno":209}
{"timestamp":"2026-07-12T15:13:51.191631Z","level":"info","event":"Filling up the DagBag from /opt/airflow/dags/orchestrate.py","logger":"airflow.dag_processing.dagbag.BundleDagBag","filename":"dagbag.py","lineno":469}
{"timestamp":"2026-07-12T15:13:51.503116Z","level":"warning","event":"The `airflow.operators.bash.BashOperator` attribute is deprecated. Please use `'airflow.providers.standard.operators.bash.BashOperator'`.","category":"UserWarning","filename":"/opt/airflow/dags/orchestrate.py","lineno":2,"logger":"py.warnings"}
{"timestamp":"2026-07-12T15:13:51.514965Z","level":"info","event":"Tmp dir root location: /tmp","logger":"airflow.task.hooks.airflow.providers.standard.hooks.subprocess.SubprocessHook","filename":"subprocess.py","lineno":78}
{"timestamp":"2026-07-12T15:13:51.515040Z","level":"info","event":"Running command: ['/usr/bin/bash', '-c', 'dbt run --select silver_b']","logger":"airflow.task.hooks.airflow.providers.standard.hooks.subprocess.SubprocessHook","filename":"subprocess.py","lineno":80}
{"timestamp":"2026-07-12T15:13:51.515306Z","level":"info","event":"Output:","logger":"airflow.task.hooks.airflow.providers.standard.hooks.subprocess.SubprocessHook","filename":"subprocess.py","lineno":92}
{"timestamp":"2026-07-12T15:13:52.039185Z","level":"info","event":"\u001b[0m15:13:52  Running with dbt=1.11.12","logger":"airflow.task.hooks.airflow.providers.standard.hooks.subprocess.SubprocessHook","filename":"subprocess.py","lineno":99}
{"timestamp":"2026-07-12T15:13:52.638362Z","level":"info","event":"\u001b[0m15:13:52  Registered adapter: databricks=1.12.2","logger":"airflow.task.hooks.airflow.providers.standard.hooks.subprocess.SubprocessHook","filename":"subprocess.py","lineno":99}
{"timestamp":"2026-07-12T15:13:52.831220Z","level":"info","event":"\u001b[0m15:13:52  Found 13 models, 1 analysis, 5 data tests, 5 snapshots, 6 sources, 769 macros","logger":"airflow.task.hooks.airflow.providers.standard.hooks.subprocess.SubprocessHook","filename":"subprocess.py","lineno":99}
{"timestamp":"2026-07-12T15:13:52.832156Z","level":"info","event":"\u001b[0m15:13:52","logger":"airflow.task.hooks.airflow.providers.standard.hooks.subprocess.SubprocessHook","filename":"subprocess.py","lineno":99}
{"timestamp":"2026-07-12T15:13:52.832403Z","level":"info","event":"\u001b[0m15:13:52  Concurrency: 1 threads (target='dev')","logger":"airflow.task.hooks.airflow.providers.standard.hooks.subprocess.SubprocessHook","filename":"subprocess.py","lineno":99}
{"timestamp":"2026-07-12T15:13:52.832568Z","level":"info","event":"\u001b[0m15:13:52","logger":"airflow.task.hooks.airflow.providers.standard.hooks.subprocess.SubprocessHook","filename":"subprocess.py","lineno":99}
{"timestamp":"2026-07-12T15:14:13.118568Z","level":"info","event":"\u001b[0m15:14:13  1 of 1 START sql table model silver_b.obt_b .................................... [RUN]","logger":"airflow.task.hooks.airflow.providers.standard.hooks.subprocess.SubprocessHook","filename":"subprocess.py","lineno":99}
{"timestamp":"2026-07-12T15:14:27.354103Z","level":"info","event":"\u001b[0m15:14:27  1 of 1 OK created sql table model silver_b.obt_b ............................... [\u001b[32mOK\u001b[0m in 14.23s]","logger":"airflow.task.hooks.airflow.providers.standard.hooks.subprocess.SubprocessHook","filename":"subprocess.py","lineno":99}
{"timestamp":"2026-07-12T15:14:27.355451Z","level":"info","event":"\u001b[0m15:14:27","logger":"airflow.task.hooks.airflow.providers.standard.hooks.subprocess.SubprocessHook","filename":"subprocess.py","lineno":99}
{"timestamp":"2026-07-12T15:14:27.355718Z","level":"info","event":"\u001b[0m15:14:27  Finished running 1 table model in 0 hours 0 minutes and 34.52 seconds (34.52s).","logger":"airflow.task.hooks.airflow.providers.standard.hooks.subprocess.SubprocessHook","filename":"subprocess.py","lineno":99}
{"timestamp":"2026-07-12T15:14:27.384644Z","level":"info","event":"\u001b[0m15:14:27","logger":"airflow.task.hooks.airflow.providers.standard.hooks.subprocess.SubprocessHook","filename":"subprocess.py","lineno":99}
{"timestamp":"2026-07-12T15:14:27.384827Z","level":"info","event":"\u001b[0m15:14:27  \u001b[32mCompleted successfully\u001b[0m","logger":"airflow.task.hooks.airflow.providers.standard.hooks.subprocess.SubprocessHook","filename":"subprocess.py","lineno":99}
{"timestamp":"2026-07-12T15:14:27.385153Z","level":"info","event":"\u001b[0m15:14:27","logger":"airflow.task.hooks.airflow.providers.standard.hooks.subprocess.SubprocessHook","filename":"subprocess.py","lineno":99}
{"timestamp":"2026-07-12T15:14:27.385341Z","level":"info","event":"\u001b[0m15:14:27  Done. PASS=1 WARN=0 ERROR=0 SKIP=0 NO-OP=0 TOTAL=1","logger":"airflow.task.hooks.airflow.providers.standard.hooks.subprocess.SubprocessHook","filename":"subprocess.py","lineno":99}
{"timestamp":"2026-07-12T15:14:29.432114Z","level":"info","event":"Command exited with return code 0","logger":"airflow.task.hooks.airflow.providers.standard.hooks.subprocess.SubprocessHook","filename":"subprocess.py","lineno":103}
{"timestamp":"2026-07-12T15:14:29.432546Z","level":"info","event":"Pushing xcom","ti":"RuntimeTaskInstance(id=UUID('019f56df-2b0d-719c-9549-faad3b7087fa'), task_id='silver_business', dag_id='orchestrate', run_id='manual__2026-07-12T15:08:13.942281+00:00', try_number=1, dag_version_id=UUID('019f55c1-df25-70f5-b25f-7e65c469e842'), map_index=-1, hostname='ca10fb210a7b', context_carrier={'traceparent': '00-db09c80529d721e1e4fa045fb6459758-5ea255e2e98c8c52-01'}, task=<Task(BashOperator): silver_business>, bundle_instance=LocalDagBundle(name=dags-folder), max_tries=0, start_date=datetime.datetime(2026, 7, 12, 15, 13, 51, 180816, tzinfo=datetime.timezone.utc), end_date=None, state=<TaskInstanceState.RUNNING: 'running'>, is_mapped=False, rendered_map_index=None, sentry_integration='')","logger":"task","filename":"task_runner.py","lineno":1724}
