{"timestamp":"2026-07-12T15:10:36.992343Z","level":"info","event":"DAG bundles loaded: dags-folder","logger":"airflow.dag_processing.bundles.manager.DagBundlesManager","filename":"manager.py","lineno":209}
{"timestamp":"2026-07-12T15:10:36.992642Z","level":"info","event":"Filling up the DagBag from /opt/airflow/dags/orchestrate.py","logger":"airflow.dag_processing.dagbag.BundleDagBag","filename":"dagbag.py","lineno":469}
{"timestamp":"2026-07-12T15:10:37.303535Z","level":"warning","event":"The `airflow.operators.bash.BashOperator` attribute is deprecated. Please use `'airflow.providers.standard.operators.bash.BashOperator'`.","category":"UserWarning","filename":"/opt/airflow/dags/orchestrate.py","lineno":2,"logger":"py.warnings"}
{"timestamp":"2026-07-12T15:10:37.311764Z","level":"info","event":"Tmp dir root location: /tmp","logger":"airflow.task.hooks.airflow.providers.standard.hooks.subprocess.SubprocessHook","filename":"subprocess.py","lineno":78}
{"timestamp":"2026-07-12T15:10:37.311838Z","level":"info","event":"Running command: ['/usr/bin/bash', '-c', 'dbt run --select silver_t']","logger":"airflow.task.hooks.airflow.providers.standard.hooks.subprocess.SubprocessHook","filename":"subprocess.py","lineno":80}
{"timestamp":"2026-07-12T15:10:37.312093Z","level":"info","event":"Output:","logger":"airflow.task.hooks.airflow.providers.standard.hooks.subprocess.SubprocessHook","filename":"subprocess.py","lineno":92}
{"timestamp":"2026-07-12T15:10:37.839052Z","level":"info","event":"\u001b[0m15:10:37  Running with dbt=1.11.12","logger":"airflow.task.hooks.airflow.providers.standard.hooks.subprocess.SubprocessHook","filename":"subprocess.py","lineno":99}
{"timestamp":"2026-07-12T15:10:38.447872Z","level":"info","event":"\u001b[0m15:10:38  Registered adapter: databricks=1.12.2","logger":"airflow.task.hooks.airflow.providers.standard.hooks.subprocess.SubprocessHook","filename":"subprocess.py","lineno":99}
{"timestamp":"2026-07-12T15:10:38.654481Z","level":"info","event":"\u001b[0m15:10:38  Found 13 models, 1 analysis, 5 data tests, 5 snapshots, 6 sources, 769 macros","logger":"airflow.task.hooks.airflow.providers.standard.hooks.subprocess.SubprocessHook","filename":"subprocess.py","lineno":99}
{"timestamp":"2026-07-12T15:10:38.655509Z","level":"info","event":"\u001b[0m15:10:38","logger":"airflow.task.hooks.airflow.providers.standard.hooks.subprocess.SubprocessHook","filename":"subprocess.py","lineno":99}
{"timestamp":"2026-07-12T15:10:38.655754Z","level":"info","event":"\u001b[0m15:10:38  Concurrency: 1 threads (target='dev')","logger":"airflow.task.hooks.airflow.providers.standard.hooks.subprocess.SubprocessHook","filename":"subprocess.py","lineno":99}
{"timestamp":"2026-07-12T15:10:38.655937Z","level":"info","event":"\u001b[0m15:10:38","logger":"airflow.task.hooks.airflow.providers.standard.hooks.subprocess.SubprocessHook","filename":"subprocess.py","lineno":99}
{"timestamp":"2026-07-12T15:11:13.280711Z","level":"info","event":"\u001b[0m15:11:13  1 of 6 START sql incremental model silver_t.customers_t ........................ [RUN]","logger":"airflow.task.hooks.airflow.providers.standard.hooks.subprocess.SubprocessHook","filename":"subprocess.py","lineno":99}
{"timestamp":"2026-07-12T15:11:43.986216Z","level":"info","event":"\u001b[0m15:11:43  1 of 6 OK created sql incremental model silver_t.customers_t ................... [\u001b[32mOK\u001b[0m in 30.70s]","logger":"airflow.task.hooks.airflow.providers.standard.hooks.subprocess.SubprocessHook","filename":"subprocess.py","lineno":99}
{"timestamp":"2026-07-12T15:11:43.989061Z","level":"info","event":"\u001b[0m15:11:43  2 of 6 START sql incremental model silver_t.employees_t ........................ [RUN]","logger":"airflow.task.hooks.airflow.providers.standard.hooks.subprocess.SubprocessHook","filename":"subprocess.py","lineno":99}
{"timestamp":"2026-07-12T15:12:03.299330Z","level":"info","event":"\u001b[0m15:12:03  2 of 6 OK created sql incremental model silver_t.employees_t ................... [\u001b[32mOK\u001b[0m in 19.31s]","logger":"airflow.task.hooks.airflow.providers.standard.hooks.subprocess.SubprocessHook","filename":"subprocess.py","lineno":99}
{"timestamp":"2026-07-12T15:12:03.300294Z","level":"info","event":"\u001b[0m15:12:03  3 of 6 START sql incremental model silver_t.order_items_t ...................... [RUN]","logger":"airflow.task.hooks.airflow.providers.standard.hooks.subprocess.SubprocessHook","filename":"subprocess.py","lineno":99}
{"timestamp":"2026-07-12T15:12:21.629818Z","level":"info","event":"\u001b[0m15:12:21  3 of 6 OK created sql incremental model silver_t.order_items_t ................. [\u001b[32mOK\u001b[0m in 18.33s]","logger":"airflow.task.hooks.airflow.providers.standard.hooks.subprocess.SubprocessHook","filename":"subprocess.py","lineno":99}
{"timestamp":"2026-07-12T15:12:21.630693Z","level":"info","event":"\u001b[0m15:12:21  4 of 6 START sql incremental model silver_t.orders_t ........................... [RUN]","logger":"airflow.task.hooks.airflow.providers.standard.hooks.subprocess.SubprocessHook","filename":"subprocess.py","lineno":99}
{"timestamp":"2026-07-12T15:12:40.394102Z","level":"info","event":"\u001b[0m15:12:40  4 of 6 OK created sql incremental model silver_t.orders_t ...................... [\u001b[32mOK\u001b[0m in 18.76s]","logger":"airflow.task.hooks.airflow.providers.standard.hooks.subprocess.SubprocessHook","filename":"subprocess.py","lineno":99}
{"timestamp":"2026-07-12T15:12:40.395016Z","level":"info","event":"\u001b[0m15:12:40  5 of 6 START sql incremental model silver_t.products_t ......................... [RUN]","logger":"airflow.task.hooks.airflow.providers.standard.hooks.subprocess.SubprocessHook","filename":"subprocess.py","lineno":99}
{"timestamp":"2026-07-12T15:12:57.791955Z","level":"info","event":"\u001b[0m15:12:57  5 of 6 OK created sql incremental model silver_t.products_t .................... [\u001b[32mOK\u001b[0m in 17.40s]","logger":"airflow.task.hooks.airflow.providers.standard.hooks.subprocess.SubprocessHook","filename":"subprocess.py","lineno":99}
{"timestamp":"2026-07-12T15:12:57.792807Z","level":"info","event":"\u001b[0m15:12:57  6 of 6 START sql incremental model silver_t.stores_t ........................... [RUN]","logger":"airflow.task.hooks.airflow.providers.standard.hooks.subprocess.SubprocessHook","filename":"subprocess.py","lineno":99}
{"timestamp":"2026-07-12T15:13:14.468786Z","level":"info","event":"\u001b[0m15:13:14  6 of 6 OK created sql incremental model silver_t.stores_t ...................... [\u001b[32mOK\u001b[0m in 16.67s]","logger":"airflow.task.hooks.airflow.providers.standard.hooks.subprocess.SubprocessHook","filename":"subprocess.py","lineno":99}
{"timestamp":"2026-07-12T15:13:14.470376Z","level":"info","event":"\u001b[0m15:13:14","logger":"airflow.task.hooks.airflow.providers.standard.hooks.subprocess.SubprocessHook","filename":"subprocess.py","lineno":99}
{"timestamp":"2026-07-12T15:13:14.470680Z","level":"info","event":"\u001b[0m15:13:14  Finished running 6 incremental models in 0 hours 2 minutes and 35.81 seconds (155.81s).","logger":"airflow.task.hooks.airflow.providers.standard.hooks.subprocess.SubprocessHook","filename":"subprocess.py","lineno":99}
{"timestamp":"2026-07-12T15:13:14.499059Z","level":"info","event":"\u001b[0m15:13:14","logger":"airflow.task.hooks.airflow.providers.standard.hooks.subprocess.SubprocessHook","filename":"subprocess.py","lineno":99}
{"timestamp":"2026-07-12T15:13:14.499301Z","level":"info","event":"\u001b[0m15:13:14  \u001b[32mCompleted successfully\u001b[0m","logger":"airflow.task.hooks.airflow.providers.standard.hooks.subprocess.SubprocessHook","filename":"subprocess.py","lineno":99}
{"timestamp":"2026-07-12T15:13:14.499476Z","level":"info","event":"\u001b[0m15:13:14","logger":"airflow.task.hooks.airflow.providers.standard.hooks.subprocess.SubprocessHook","filename":"subprocess.py","lineno":99}
{"timestamp":"2026-07-12T15:13:14.499709Z","level":"info","event":"\u001b[0m15:13:14  Done. PASS=6 WARN=0 ERROR=0 SKIP=0 NO-OP=0 TOTAL=6","logger":"airflow.task.hooks.airflow.providers.standard.hooks.subprocess.SubprocessHook","filename":"subprocess.py","lineno":99}
{"timestamp":"2026-07-12T15:13:17.103545Z","level":"info","event":"Command exited with return code 0","logger":"airflow.task.hooks.airflow.providers.standard.hooks.subprocess.SubprocessHook","filename":"subprocess.py","lineno":103}
{"timestamp":"2026-07-12T15:13:17.103799Z","level":"info","event":"Pushing xcom","ti":"RuntimeTaskInstance(id=UUID('019f56df-2b0b-7cef-bb11-8bece1a659e9'), task_id='silver_technical', dag_id='orchestrate', run_id='manual__2026-07-12T15:08:13.942281+00:00', try_number=1, dag_version_id=UUID('019f55c1-df25-70f5-b25f-7e65c469e842'), map_index=-1, hostname='ca10fb210a7b', context_carrier={'traceparent': '00-db09c80529d721e1e4fa045fb6459758-5ea255e2e98c8c52-01'}, task=<Task(BashOperator): silver_technical>, bundle_instance=LocalDagBundle(name=dags-folder), max_tries=0, start_date=datetime.datetime(2026, 7, 12, 15, 10, 36, 982152, tzinfo=datetime.timezone.utc), end_date=None, state=<TaskInstanceState.RUNNING: 'running'>, is_mapped=False, rendered_map_index=None, sentry_integration='')","logger":"task","filename":"task_runner.py","lineno":1724}
