{"timestamp":"2026-07-12T15:14:59.988791Z","level":"info","event":"DAG bundles loaded: dags-folder","logger":"airflow.dag_processing.bundles.manager.DagBundlesManager","filename":"manager.py","lineno":209}
{"timestamp":"2026-07-12T15:14:59.989094Z","level":"info","event":"Filling up the DagBag from /opt/airflow/dags/orchestrate.py","logger":"airflow.dag_processing.dagbag.BundleDagBag","filename":"dagbag.py","lineno":469}
{"timestamp":"2026-07-12T15:15:00.299593Z","level":"warning","event":"The `airflow.operators.bash.BashOperator` attribute is deprecated. Please use `'airflow.providers.standard.operators.bash.BashOperator'`.","category":"UserWarning","filename":"/opt/airflow/dags/orchestrate.py","lineno":2,"logger":"py.warnings"}
{"timestamp":"2026-07-12T15:15:00.307203Z","level":"info","event":"Tmp dir root location: /tmp","logger":"airflow.task.hooks.airflow.providers.standard.hooks.subprocess.SubprocessHook","filename":"subprocess.py","lineno":78}
{"timestamp":"2026-07-12T15:15:00.307363Z","level":"info","event":"Running command: ['/usr/bin/bash', '-c', 'dbt snapshot']","logger":"airflow.task.hooks.airflow.providers.standard.hooks.subprocess.SubprocessHook","filename":"subprocess.py","lineno":80}
{"timestamp":"2026-07-12T15:15:00.307668Z","level":"info","event":"Output:","logger":"airflow.task.hooks.airflow.providers.standard.hooks.subprocess.SubprocessHook","filename":"subprocess.py","lineno":92}
{"timestamp":"2026-07-12T15:15:00.832675Z","level":"info","event":"\u001b[0m15:15:00  Running with dbt=1.11.12","logger":"airflow.task.hooks.airflow.providers.standard.hooks.subprocess.SubprocessHook","filename":"subprocess.py","lineno":99}
{"timestamp":"2026-07-12T15:15:01.443838Z","level":"info","event":"\u001b[0m15:15:01  Registered adapter: databricks=1.12.2","logger":"airflow.task.hooks.airflow.providers.standard.hooks.subprocess.SubprocessHook","filename":"subprocess.py","lineno":99}
{"timestamp":"2026-07-12T15:15:01.633035Z","level":"info","event":"\u001b[0m15:15:01  Found 13 models, 1 analysis, 5 data tests, 5 snapshots, 6 sources, 769 macros","logger":"airflow.task.hooks.airflow.providers.standard.hooks.subprocess.SubprocessHook","filename":"subprocess.py","lineno":99}
{"timestamp":"2026-07-12T15:15:01.634161Z","level":"info","event":"\u001b[0m15:15:01","logger":"airflow.task.hooks.airflow.providers.standard.hooks.subprocess.SubprocessHook","filename":"subprocess.py","lineno":99}
{"timestamp":"2026-07-12T15:15:01.634346Z","level":"info","event":"\u001b[0m15:15:01  Concurrency: 1 threads (target='dev')","logger":"airflow.task.hooks.airflow.providers.standard.hooks.subprocess.SubprocessHook","filename":"subprocess.py","lineno":99}
{"timestamp":"2026-07-12T15:15:01.634535Z","level":"info","event":"\u001b[0m15:15:01","logger":"airflow.task.hooks.airflow.providers.standard.hooks.subprocess.SubprocessHook","filename":"subprocess.py","lineno":99}
{"timestamp":"2026-07-12T15:15:20.084194Z","level":"info","event":"\u001b[0m15:15:20  1 of 5 START snapshot gold.dim_customers ....................................... [RUN]","logger":"airflow.task.hooks.airflow.providers.standard.hooks.subprocess.SubprocessHook","filename":"subprocess.py","lineno":99}
{"timestamp":"2026-07-12T15:15:35.839146Z","level":"info","event":"\u001b[0m15:15:35  1 of 5 OK snapshotted gold.dim_customers ....................................... [\u001b[32mOK\u001b[0m in 15.75s]","logger":"airflow.task.hooks.airflow.providers.standard.hooks.subprocess.SubprocessHook","filename":"subprocess.py","lineno":99}
{"timestamp":"2026-07-12T15:15:35.839953Z","level":"info","event":"\u001b[0m15:15:35  2 of 5 START snapshot gold.dim_employees ....................................... [RUN]","logger":"airflow.task.hooks.airflow.providers.standard.hooks.subprocess.SubprocessHook","filename":"subprocess.py","lineno":99}
{"timestamp":"2026-07-12T15:15:50.835834Z","level":"info","event":"\u001b[0m15:15:50  2 of 5 OK snapshotted gold.dim_employees ....................................... [\u001b[32mOK\u001b[0m in 14.99s]","logger":"airflow.task.hooks.airflow.providers.standard.hooks.subprocess.SubprocessHook","filename":"subprocess.py","lineno":99}
{"timestamp":"2026-07-12T15:15:50.838551Z","level":"info","event":"\u001b[0m15:15:50  3 of 5 START snapshot gold.dim_orders .......................................... [RUN]","logger":"airflow.task.hooks.airflow.providers.standard.hooks.subprocess.SubprocessHook","filename":"subprocess.py","lineno":99}
{"timestamp":"2026-07-12T15:16:05.190881Z","level":"info","event":"\u001b[0m15:16:05  3 of 5 OK snapshotted gold.dim_orders .......................................... [\u001b[32mOK\u001b[0m in 14.35s]","logger":"airflow.task.hooks.airflow.providers.standard.hooks.subprocess.SubprocessHook","filename":"subprocess.py","lineno":99}
{"timestamp":"2026-07-12T15:16:05.191712Z","level":"info","event":"\u001b[0m15:16:05  4 of 5 START snapshot gold.dim_products ........................................ [RUN]","logger":"airflow.task.hooks.airflow.providers.standard.hooks.subprocess.SubprocessHook","filename":"subprocess.py","lineno":99}
{"timestamp":"2026-07-12T15:16:19.893704Z","level":"info","event":"\u001b[0m15:16:19  4 of 5 OK snapshotted gold.dim_products ........................................ [\u001b[32mOK\u001b[0m in 14.70s]","logger":"airflow.task.hooks.airflow.providers.standard.hooks.subprocess.SubprocessHook","filename":"subprocess.py","lineno":99}
{"timestamp":"2026-07-12T15:16:19.895783Z","level":"info","event":"\u001b[0m15:16:19  5 of 5 START snapshot gold.dim_stores .......................................... [RUN]","logger":"airflow.task.hooks.airflow.providers.standard.hooks.subprocess.SubprocessHook","filename":"subprocess.py","lineno":99}
{"timestamp":"2026-07-12T15:16:33.846721Z","level":"info","event":"\u001b[0m15:16:33  5 of 5 OK snapshotted gold.dim_stores .......................................... [\u001b[32mOK\u001b[0m in 13.95s]","logger":"airflow.task.hooks.airflow.providers.standard.hooks.subprocess.SubprocessHook","filename":"subprocess.py","lineno":99}
{"timestamp":"2026-07-12T15:16:33.848296Z","level":"info","event":"\u001b[0m15:16:33","logger":"airflow.task.hooks.airflow.providers.standard.hooks.subprocess.SubprocessHook","filename":"subprocess.py","lineno":99}
{"timestamp":"2026-07-12T15:16:33.848543Z","level":"info","event":"\u001b[0m15:16:33  Finished running 5 snapshots in 0 hours 1 minutes and 32.21 seconds (92.21s).","logger":"airflow.task.hooks.airflow.providers.standard.hooks.subprocess.SubprocessHook","filename":"subprocess.py","lineno":99}
{"timestamp":"2026-07-12T15:16:33.880313Z","level":"info","event":"\u001b[0m15:16:33","logger":"airflow.task.hooks.airflow.providers.standard.hooks.subprocess.SubprocessHook","filename":"subprocess.py","lineno":99}
{"timestamp":"2026-07-12T15:16:33.880566Z","level":"info","event":"\u001b[0m15:16:33  \u001b[32mCompleted successfully\u001b[0m","logger":"airflow.task.hooks.airflow.providers.standard.hooks.subprocess.SubprocessHook","filename":"subprocess.py","lineno":99}
{"timestamp":"2026-07-12T15:16:33.880755Z","level":"info","event":"\u001b[0m15:16:33","logger":"airflow.task.hooks.airflow.providers.standard.hooks.subprocess.SubprocessHook","filename":"subprocess.py","lineno":99}
{"timestamp":"2026-07-12T15:16:33.880958Z","level":"info","event":"\u001b[0m15:16:33  Done. PASS=5 WARN=0 ERROR=0 SKIP=0 NO-OP=0 TOTAL=5","logger":"airflow.task.hooks.airflow.providers.standard.hooks.subprocess.SubprocessHook","filename":"subprocess.py","lineno":99}
{"timestamp":"2026-07-12T15:16:36.381630Z","level":"info","event":"Command exited with return code 0","logger":"airflow.task.hooks.airflow.providers.standard.hooks.subprocess.SubprocessHook","filename":"subprocess.py","lineno":103}
{"timestamp":"2026-07-12T15:16:36.381814Z","level":"info","event":"Pushing xcom","ti":"RuntimeTaskInstance(id=UUID('019f56df-2b10-7e2f-ab89-665bf78f5010'), task_id='gold_dimensions', dag_id='orchestrate', run_id='manual__2026-07-12T15:08:13.942281+00:00', try_number=1, dag_version_id=UUID('019f55c1-df25-70f5-b25f-7e65c469e842'), map_index=-1, hostname='ca10fb210a7b', context_carrier={'traceparent': '00-db09c80529d721e1e4fa045fb6459758-5ea255e2e98c8c52-01'}, task=<Task(BashOperator): gold_dimensions>, bundle_instance=LocalDagBundle(name=dags-folder), max_tries=0, start_date=datetime.datetime(2026, 7, 12, 15, 14, 59, 978437, tzinfo=datetime.timezone.utc), end_date=None, state=<TaskInstanceState.RUNNING: 'running'>, is_mapped=False, rendered_map_index=None, sentry_integration='')","logger":"task","filename":"task_runner.py","lineno":1724}
